d:\ua\semester7\computergraphics\cppcode\raytracingengine\cmake-build-debug\raytracingengine.dir\debug\vc143.pdb
d:\ua\semester7\computergraphics\cppcode\raytracingengine\cmake-build-debug\raytracingengine.dir\debug\main.obj
d:\ua\semester7\computergraphics\cppcode\raytracingengine\cmake-build-debug\raytracingengine.dir\debug\scene.obj
d:\ua\semester7\computergraphics\cppcode\raytracingengine\cmake-build-debug\raytracingengine.dir\debug\camera.obj
d:\ua\semester7\computergraphics\cppcode\raytracingengine\cmake-build-debug\raytracingengine.dir\debug\vector3.obj
d:\ua\semester7\computergraphics\cppcode\raytracingengine\cmake-build-debug\raytracingengine.dir\debug\transformations.obj
d:\ua\semester7\computergraphics\cppcode\raytracingengine\cmake-build-debug\raytracingengine.dir\debug\point3.obj
d:\ua\semester7\computergraphics\cppcode\raytracingengine\cmake-build-debug\raytracingengine.dir\debug\inversetransformations.obj
d:\ua\semester7\computergraphics\cppcode\raytracingengine\cmake-build-debug\raytracingengine.dir\debug\unitcube.obj
d:\ua\semester7\computergraphics\cppcode\raytracingengine\cmake-build-debug\raytracingengine.dir\debug\unitcircle.obj
d:\ua\semester7\computergraphics\cppcode\raytracingengine\cmake-build-debug\raytracingengine.dir\debug\hitobject.obj
d:\ua\semester7\computergraphics\cppcode\raytracingengine\cmake-build-debug\raytracingengine.dir\debug\transformationmaniger.obj
d:\ua\semester7\computergraphics\cppcode\raytracingengine\cmake-build-debug\raytracingengine.dir\debug\objectfactory.obj
d:\ua\semester7\computergraphics\cppcode\raytracingengine\cmake-build-debug\raytracingengine.dir\debug\intersection.obj
d:\ua\semester7\computergraphics\cppcode\raytracingengine\cmake-build-debug\raytracingengine.dir\debug\hitinfo.obj
d:\ua\semester7\computergraphics\cppcode\raytracingengine\cmake-build-debug\raytracingengine.dir\debug\ray.obj
d:\ua\semester7\computergraphics\cppcode\raytracingengine\cmake-build-debug\raytracingengine.dir\debug\color3.obj
d:\ua\semester7\computergraphics\cppcode\raytracingengine\cmake-build-debug\raytracingengine.dir\debug\glad.obj
d:\ua\semester7\computergraphics\cppcode\raytracingengine\cmake-build-debug\cmakefiles\generate.stamp
d:\ua\semester7\computergraphics\cppcode\raytracingengine\cmake-build-debug\debug\raytracingengine.exe
d:\ua\semester7\computergraphics\cppcode\raytracingengine\cmake-build-debug\debug\raytracingengine.pdb
d:\ua\semester7\computergraphics\cppcode\raytracingengine\cmake-build-debug\raytracingengine.dir\debug\raytracingengine.ilk
d:\ua\semester7\computergraphics\cppcode\raytracingengine\cmake-build-debug\raytracingengine.dir\debug\raytracingengine.tlog\cl.command.1.tlog
d:\ua\semester7\computergraphics\cppcode\raytracingengine\cmake-build-debug\raytracingengine.dir\debug\raytracingengine.tlog\cl.items.tlog
d:\ua\semester7\computergraphics\cppcode\raytracingengine\cmake-build-debug\raytracingengine.dir\debug\raytracingengine.tlog\cl.read.1.tlog
d:\ua\semester7\computergraphics\cppcode\raytracingengine\cmake-build-debug\raytracingengine.dir\debug\raytracingengine.tlog\cl.write.1.tlog
d:\ua\semester7\computergraphics\cppcode\raytracingengine\cmake-build-debug\raytracingengine.dir\debug\raytracingengine.tlog\custombuild.command.1.tlog
d:\ua\semester7\computergraphics\cppcode\raytracingengine\cmake-build-debug\raytracingengine.dir\debug\raytracingengine.tlog\custombuild.read.1.tlog
d:\ua\semester7\computergraphics\cppcode\raytracingengine\cmake-build-debug\raytracingengine.dir\debug\raytracingengine.tlog\custombuild.write.1.tlog
d:\ua\semester7\computergraphics\cppcode\raytracingengine\cmake-build-debug\raytracingengine.dir\debug\raytracingengine.tlog\link.command.1.tlog
d:\ua\semester7\computergraphics\cppcode\raytracingengine\cmake-build-debug\raytracingengine.dir\debug\raytracingengine.tlog\link.read.1.tlog
d:\ua\semester7\computergraphics\cppcode\raytracingengine\cmake-build-debug\raytracingengine.dir\debug\raytracingengine.tlog\link.secondary.1.tlog
d:\ua\semester7\computergraphics\cppcode\raytracingengine\cmake-build-debug\raytracingengine.dir\debug\raytracingengine.tlog\link.write.1.tlog
