d:\ua\semester7\computergraphics\cppcode\raytracingengine\cmake-build-release\glfw_build\src\glfw.dir\release\osmesa_context.obj
d:\ua\semester7\computergraphics\cppcode\raytracingengine\cmake-build-release\glfw_build\src\glfw.dir\release\egl_context.obj
d:\ua\semester7\computergraphics\cppcode\raytracingengine\cmake-build-release\glfw_build\src\glfw.dir\release\wgl_context.obj
d:\ua\semester7\computergraphics\cppcode\raytracingengine\cmake-build-release\glfw_build\src\glfw.dir\release\win32_window.obj
d:\ua\semester7\computergraphics\cppcode\raytracingengine\cmake-build-release\glfw_build\src\glfw.dir\release\win32_thread.obj
d:\ua\semester7\computergraphics\cppcode\raytracingengine\cmake-build-release\glfw_build\src\glfw.dir\release\win32_time.obj
d:\ua\semester7\computergraphics\cppcode\raytracingengine\cmake-build-release\glfw_build\src\glfw.dir\release\win32_monitor.obj
d:\ua\semester7\computergraphics\cppcode\raytracingengine\cmake-build-release\glfw_build\src\glfw.dir\release\win32_joystick.obj
d:\ua\semester7\computergraphics\cppcode\raytracingengine\cmake-build-release\glfw_build\src\glfw.dir\release\win32_init.obj
d:\ua\semester7\computergraphics\cppcode\raytracingengine\cmake-build-release\glfw_build\src\glfw.dir\release\window.obj
d:\ua\semester7\computergraphics\cppcode\raytracingengine\cmake-build-release\glfw_build\src\glfw.dir\release\vulkan.obj
d:\ua\semester7\computergraphics\cppcode\raytracingengine\cmake-build-release\glfw_build\src\glfw.dir\release\monitor.obj
d:\ua\semester7\computergraphics\cppcode\raytracingengine\cmake-build-release\glfw_build\src\glfw.dir\release\input.obj
d:\ua\semester7\computergraphics\cppcode\raytracingengine\cmake-build-release\glfw_build\src\glfw.dir\release\init.obj
d:\ua\semester7\computergraphics\cppcode\raytracingengine\cmake-build-release\glfw_build\src\glfw.dir\release\context.obj
d:\ua\semester7\computergraphics\cppcode\raytracingengine\cmake-build-release\glfw_build\src\cmakefiles\generate.stamp
d:\ua\semester7\computergraphics\cppcode\raytracingengine\cmake-build-release\glfw_build\src\release\glfw3.lib
d:\ua\semester7\computergraphics\cppcode\raytracingengine\cmake-build-release\glfw_build\src\glfw.dir\release\glfw.tlog\cl.command.1.tlog
d:\ua\semester7\computergraphics\cppcode\raytracingengine\cmake-build-release\glfw_build\src\glfw.dir\release\glfw.tlog\cl.items.tlog
d:\ua\semester7\computergraphics\cppcode\raytracingengine\cmake-build-release\glfw_build\src\glfw.dir\release\glfw.tlog\cl.read.1.tlog
d:\ua\semester7\computergraphics\cppcode\raytracingengine\cmake-build-release\glfw_build\src\glfw.dir\release\glfw.tlog\cl.write.1.tlog
d:\ua\semester7\computergraphics\cppcode\raytracingengine\cmake-build-release\glfw_build\src\glfw.dir\release\glfw.tlog\custombuild.command.1.tlog
d:\ua\semester7\computergraphics\cppcode\raytracingengine\cmake-build-release\glfw_build\src\glfw.dir\release\glfw.tlog\custombuild.read.1.tlog
d:\ua\semester7\computergraphics\cppcode\raytracingengine\cmake-build-release\glfw_build\src\glfw.dir\release\glfw.tlog\custombuild.write.1.tlog
d:\ua\semester7\computergraphics\cppcode\raytracingengine\cmake-build-release\glfw_build\src\glfw.dir\release\glfw.tlog\lib-link.read.1.tlog
d:\ua\semester7\computergraphics\cppcode\raytracingengine\cmake-build-release\glfw_build\src\glfw.dir\release\glfw.tlog\lib-link.write.1.tlog
d:\ua\semester7\computergraphics\cppcode\raytracingengine\cmake-build-release\glfw_build\src\glfw.dir\release\glfw.tlog\lib.command.1.tlog
