d:\ua\semester7\computergraphics\cppcode\raytracingengine\cmake-build-release\raytracingengine.dir\release\main.obj
d:\ua\semester7\computergraphics\cppcode\raytracingengine\cmake-build-release\raytracingengine.dir\release\scene.obj
d:\ua\semester7\computergraphics\cppcode\raytracingengine\cmake-build-release\raytracingengine.dir\release\camera.obj
d:\ua\semester7\computergraphics\cppcode\raytracingengine\cmake-build-release\raytracingengine.dir\release\vector3.obj
d:\ua\semester7\computergraphics\cppcode\raytracingengine\cmake-build-release\raytracingengine.dir\release\transformations.obj
d:\ua\semester7\computergraphics\cppcode\raytracingengine\cmake-build-release\raytracingengine.dir\release\point3.obj
d:\ua\semester7\computergraphics\cppcode\raytracingengine\cmake-build-release\raytracingengine.dir\release\inversetransformations.obj
d:\ua\semester7\computergraphics\cppcode\raytracingengine\cmake-build-release\raytracingengine.dir\release\unitcube.obj
d:\ua\semester7\computergraphics\cppcode\raytracingengine\cmake-build-release\raytracingengine.dir\release\unitcircle.obj
d:\ua\semester7\computergraphics\cppcode\raytracingengine\cmake-build-release\raytracingengine.dir\release\hitobject.obj
d:\ua\semester7\computergraphics\cppcode\raytracingengine\cmake-build-release\raytracingengine.dir\release\transformationmaniger.obj
d:\ua\semester7\computergraphics\cppcode\raytracingengine\cmake-build-release\raytracingengine.dir\release\objectfactory.obj
d:\ua\semester7\computergraphics\cppcode\raytracingengine\cmake-build-release\raytracingengine.dir\release\intersection.obj
d:\ua\semester7\computergraphics\cppcode\raytracingengine\cmake-build-release\raytracingengine.dir\release\hitinfo.obj
d:\ua\semester7\computergraphics\cppcode\raytracingengine\cmake-build-release\raytracingengine.dir\release\ray.obj
d:\ua\semester7\computergraphics\cppcode\raytracingengine\cmake-build-release\raytracingengine.dir\release\color3.obj
d:\ua\semester7\computergraphics\cppcode\raytracingengine\cmake-build-release\raytracingengine.dir\release\glad.obj
d:\ua\semester7\computergraphics\cppcode\raytracingengine\cmake-build-release\cmakefiles\generate.stamp
d:\ua\semester7\computergraphics\cppcode\raytracingengine\cmake-build-release\release\raytracingengine.exe
d:\ua\semester7\computergraphics\cppcode\raytracingengine\cmake-build-release\raytracingengine.dir\release\raytracingengine.tlog\cl.command.1.tlog
d:\ua\semester7\computergraphics\cppcode\raytracingengine\cmake-build-release\raytracingengine.dir\release\raytracingengine.tlog\cl.items.tlog
d:\ua\semester7\computergraphics\cppcode\raytracingengine\cmake-build-release\raytracingengine.dir\release\raytracingengine.tlog\cl.read.1.tlog
d:\ua\semester7\computergraphics\cppcode\raytracingengine\cmake-build-release\raytracingengine.dir\release\raytracingengine.tlog\cl.write.1.tlog
d:\ua\semester7\computergraphics\cppcode\raytracingengine\cmake-build-release\raytracingengine.dir\release\raytracingengine.tlog\custombuild.command.1.tlog
d:\ua\semester7\computergraphics\cppcode\raytracingengine\cmake-build-release\raytracingengine.dir\release\raytracingengine.tlog\custombuild.read.1.tlog
d:\ua\semester7\computergraphics\cppcode\raytracingengine\cmake-build-release\raytracingengine.dir\release\raytracingengine.tlog\custombuild.write.1.tlog
d:\ua\semester7\computergraphics\cppcode\raytracingengine\cmake-build-release\raytracingengine.dir\release\raytracingengine.tlog\link.command.1.tlog
d:\ua\semester7\computergraphics\cppcode\raytracingengine\cmake-build-release\raytracingengine.dir\release\raytracingengine.tlog\link.read.1.tlog
d:\ua\semester7\computergraphics\cppcode\raytracingengine\cmake-build-release\raytracingengine.dir\release\raytracingengine.tlog\link.secondary.1.tlog
d:\ua\semester7\computergraphics\cppcode\raytracingengine\cmake-build-release\raytracingengine.dir\release\raytracingengine.tlog\link.write.1.tlog
